<?xml version="1.0" encoding="UTF-8"?>
<!-- Generated by org.testng.reporters.JUnitReportReporter -->
<testsuite skipped="0" hostname="DESKTOP-09AO3Q3" name="personio.PersonioUIHomePageHeaderlinksTest" tests="1" failures="0" timestamp="10 Jul 2019 21:24:25 GMT" time="56.870" errors="0">
  <testcase name="VerifyHomePageHeaderlinks" time="56.870" classname="personio.PersonioUIHomePageHeaderlinksTest"/>
</testsuite> <!-- personio.PersonioUIHomePageHeaderlinksTest -->
